1688735462.527155 client started (7361): version 3.2a, socket /tmp/tmux-1000/default, protocol 8
1688735462.527164 on Linux 5.10.102.1-microsoft-standard-WSL2 #1 SMP Wed Mar 2 00:30:59 UTC 2022
1688735462.527166 using libevent 2.1.12-stable (poll); ncurses 6.3
1688735462.527171 flags are 0x10010000
1688735462.527172 socket is /tmp/tmux-1000/default
1688735462.527176 trying connect
1688735462.527215 add peer 0x560c6fd343e0: 6 ((nil))
1688735462.527304 sending message 100 to peer 0x560c6fd343e0 (4 bytes)
1688735462.527306 sending message 111 to peer 0x560c6fd343e0 (8 bytes)
1688735462.527308 sending message 101 to peer 0x560c6fd343e0 (7 bytes)
1688735462.527309 sending message 109 to peer 0x560c6fd343e0 (4 bytes)
1688735462.527310 sending message 102 to peer 0x560c6fd343e0 (11 bytes)
1688735462.527311 sending message 108 to peer 0x560c6fd343e0 (30 bytes)
1688735462.527313 sending message 112 to peer 0x560c6fd343e0 (70 bytes)
1688735462.527314 sending message 112 to peer 0x560c6fd343e0 (5 bytes)
1688735462.527315 sending message 112 to peer 0x560c6fd343e0 (5 bytes)
1688735462.527316 sending message 112 to peer 0x560c6fd343e0 (6 bytes)
1688735462.527318 sending message 112 to peer 0x560c6fd343e0 (6 bytes)
1688735462.527319 sending message 112 to peer 0x560c6fd343e0 (11 bytes)
1688735462.527320 sending message 112 to peer 0x560c6fd343e0 (10 bytes)
1688735462.527321 sending message 112 to peer 0x560c6fd343e0 (13 bytes)
1688735462.527322 sending message 112 to peer 0x560c6fd343e0 (13 bytes)
1688735462.527323 sending message 112 to peer 0x560c6fd343e0 (18 bytes)
1688735462.527324 sending message 112 to peer 0x560c6fd343e0 (9 bytes)
1688735462.527325 sending message 112 to peer 0x560c6fd343e0 (21 bytes)
1688735462.527326 sending message 112 to peer 0x560c6fd343e0 (13 bytes)
1688735462.527327 sending message 112 to peer 0x560c6fd343e0 (7 bytes)
1688735462.527329 sending message 112 to peer 0x560c6fd343e0 (13 bytes)
1688735462.527330 sending message 112 to peer 0x560c6fd343e0 (7 bytes)
1688735462.527331 sending message 112 to peer 0x560c6fd343e0 (13 bytes)
1688735462.527332 sending message 112 to peer 0x560c6fd343e0 (9 bytes)
1688735462.527333 sending message 112 to peer 0x560c6fd343e0 (21 bytes)
1688735462.527334 sending message 112 to peer 0x560c6fd343e0 (13 bytes)
1688735462.527336 sending message 112 to peer 0x560c6fd343e0 (8 bytes)
1688735462.527337 sending message 112 to peer 0x560c6fd343e0 (12 bytes)
1688735462.527338 sending message 112 to peer 0x560c6fd343e0 (13 bytes)
1688735462.527339 sending message 112 to peer 0x560c6fd343e0 (9 bytes)
1688735462.527340 sending message 112 to peer 0x560c6fd343e0 (9 bytes)
1688735462.527341 sending message 112 to peer 0x560c6fd343e0 (12 bytes)
1688735462.527342 sending message 112 to peer 0x560c6fd343e0 (8 bytes)
1688735462.527343 sending message 112 to peer 0x560c6fd343e0 (7 bytes)
1688735462.527344 sending message 112 to peer 0x560c6fd343e0 (7 bytes)
1688735462.527345 sending message 112 to peer 0x560c6fd343e0 (9 bytes)
1688735462.527346 sending message 112 to peer 0x560c6fd343e0 (13 bytes)
1688735462.527347 sending message 112 to peer 0x560c6fd343e0 (9 bytes)
1688735462.527348 sending message 112 to peer 0x560c6fd343e0 (15 bytes)
1688735462.527350 sending message 112 to peer 0x560c6fd343e0 (13 bytes)
1688735462.527351 sending message 112 to peer 0x560c6fd343e0 (12 bytes)
1688735462.527352 sending message 112 to peer 0x560c6fd343e0 (8 bytes)
1688735462.527353 sending message 112 to peer 0x560c6fd343e0 (14 bytes)
1688735462.527354 sending message 112 to peer 0x560c6fd343e0 (9 bytes)
1688735462.527355 sending message 112 to peer 0x560c6fd343e0 (10 bytes)
1688735462.527356 sending message 112 to peer 0x560c6fd343e0 (10 bytes)
1688735462.527357 sending message 112 to peer 0x560c6fd343e0 (10 bytes)
1688735462.527358 sending message 112 to peer 0x560c6fd343e0 (10 bytes)
1688735462.527359 sending message 112 to peer 0x560c6fd343e0 (11 bytes)
1688735462.527360 sending message 112 to peer 0x560c6fd343e0 (10 bytes)
1688735462.527362 sending message 112 to peer 0x560c6fd343e0 (8 bytes)
1688735462.527363 sending message 112 to peer 0x560c6fd343e0 (11 bytes)
1688735462.527366 sending message 112 to peer 0x560c6fd343e0 (11 bytes)
1688735462.527368 sending message 112 to peer 0x560c6fd343e0 (11 bytes)
1688735462.527369 sending message 112 to peer 0x560c6fd343e0 (8 bytes)
1688735462.527370 sending message 112 to peer 0x560c6fd343e0 (8 bytes)
1688735462.527371 sending message 112 to peer 0x560c6fd343e0 (8 bytes)
1688735462.527372 sending message 112 to peer 0x560c6fd343e0 (10 bytes)
1688735462.527373 sending message 112 to peer 0x560c6fd343e0 (10 bytes)
1688735462.527374 sending message 112 to peer 0x560c6fd343e0 (10 bytes)
1688735462.527375 sending message 112 to peer 0x560c6fd343e0 (10 bytes)
1688735462.527376 sending message 112 to peer 0x560c6fd343e0 (10 bytes)
1688735462.527378 sending message 112 to peer 0x560c6fd343e0 (11 bytes)
1688735462.527379 sending message 112 to peer 0x560c6fd343e0 (11 bytes)
1688735462.527380 sending message 112 to peer 0x560c6fd343e0 (10 bytes)
1688735462.527381 sending message 112 to peer 0x560c6fd343e0 (9 bytes)
1688735462.527382 sending message 112 to peer 0x560c6fd343e0 (9 bytes)
1688735462.527383 sending message 112 to peer 0x560c6fd343e0 (12 bytes)
1688735462.527384 sending message 112 to peer 0x560c6fd343e0 (9 bytes)
1688735462.527385 sending message 112 to peer 0x560c6fd343e0 (6 bytes)
1688735462.527386 sending message 112 to peer 0x560c6fd343e0 (8 bytes)
1688735462.527387 sending message 112 to peer 0x560c6fd343e0 (15 bytes)
1688735462.527388 sending message 112 to peer 0x560c6fd343e0 (13 bytes)
1688735462.527389 sending message 112 to peer 0x560c6fd343e0 (16 bytes)
1688735462.527390 sending message 112 to peer 0x560c6fd343e0 (16 bytes)
1688735462.527391 sending message 112 to peer 0x560c6fd343e0 (10 bytes)
1688735462.527393 sending message 112 to peer 0x560c6fd343e0 (8 bytes)
1688735462.527394 sending message 112 to peer 0x560c6fd343e0 (15 bytes)
1688735462.527395 sending message 112 to peer 0x560c6fd343e0 (13 bytes)
1688735462.527396 sending message 112 to peer 0x560c6fd343e0 (10 bytes)
1688735462.527397 sending message 112 to peer 0x560c6fd343e0 (10 bytes)
1688735462.527398 sending message 112 to peer 0x560c6fd343e0 (5 bytes)
1688735462.527399 sending message 112 to peer 0x560c6fd343e0 (15 bytes)
1688735462.527400 sending message 104 to peer 0x560c6fd343e0 (0 bytes)
1688735462.527402 sending message 110 to peer 0x560c6fd343e0 (0 bytes)
1688735462.527403 sending message 107 to peer 0x560c6fd343e0 (4 bytes)
1688735462.527404 sending message 105 to peer 0x560c6fd343e0 (16 bytes)
1688735462.527405 sending message 105 to peer 0x560c6fd343e0 (26 bytes)
1688735462.527406 sending message 105 to peer 0x560c6fd343e0 (14 bytes)
1688735462.527407 sending message 105 to peer 0x560c6fd343e0 (29 bytes)
1688735462.527408 sending message 105 to peer 0x560c6fd343e0 (35 bytes)
1688735462.527410 sending message 105 to peer 0x560c6fd343e0 (48 bytes)
1688735462.527411 sending message 105 to peer 0x560c6fd343e0 (61 bytes)
1688735462.527412 sending message 105 to peer 0x560c6fd343e0 (12 bytes)
1688735462.527413 sending message 105 to peer 0x560c6fd343e0 (34 bytes)
1688735462.527414 sending message 105 to peer 0x560c6fd343e0 (16 bytes)
1688735462.527415 sending message 105 to peer 0x560c6fd343e0 (19 bytes)
1688735462.527416 sending message 105 to peer 0x560c6fd343e0 (13 bytes)
1688735462.527417 sending message 105 to peer 0x560c6fd343e0 (34 bytes)
1688735462.527419 sending message 105 to peer 0x560c6fd343e0 (1519 bytes)
1688735462.527425 sending message 105 to peer 0x560c6fd343e0 (37 bytes)
1688735462.527426 sending message 105 to peer 0x560c6fd343e0 (26 bytes)
1688735462.527427 sending message 105 to peer 0x560c6fd343e0 (28 bytes)
1688735462.527428 sending message 105 to peer 0x560c6fd343e0 (34 bytes)
1688735462.527429 sending message 105 to peer 0x560c6fd343e0 (12 bytes)
1688735462.527430 sending message 105 to peer 0x560c6fd343e0 (32 bytes)
1688735462.527431 sending message 105 to peer 0x560c6fd343e0 (13 bytes)
1688735462.527432 sending message 105 to peer 0x560c6fd343e0 (13 bytes)
1688735462.527434 sending message 105 to peer 0x560c6fd343e0 (11 bytes)
1688735462.527436 sending message 105 to peer 0x560c6fd343e0 (8 bytes)
1688735462.527437 sending message 105 to peer 0x560c6fd343e0 (39 bytes)
1688735462.527438 sending message 105 to peer 0x560c6fd343e0 (38 bytes)
1688735462.527439 sending message 105 to peer 0x560c6fd343e0 (33 bytes)
1688735462.527440 sending message 105 to peer 0x560c6fd343e0 (65 bytes)
1688735462.527442 sending message 105 to peer 0x560c6fd343e0 (2066 bytes)
1688735462.527443 sending message 105 to peer 0x560c6fd343e0 (16 bytes)
1688735462.527444 sending message 105 to peer 0x560c6fd343e0 (29 bytes)
1688735462.527446 sending message 105 to peer 0x560c6fd343e0 (35 bytes)
1688735462.527447 sending message 105 to peer 0x560c6fd343e0 (53 bytes)
1688735462.527448 sending message 105 to peer 0x560c6fd343e0 (21 bytes)
1688735462.527449 sending message 105 to peer 0x560c6fd343e0 (18 bytes)
1688735462.527450 sending message 105 to peer 0x560c6fd343e0 (16 bytes)
1688735462.527451 sending message 106 to peer 0x560c6fd343e0 (0 bytes)
1688735462.527453 sending message 200 to peer 0x560c6fd343e0 (4 bytes)
1688735462.527454 client loop enter
1688735462.527963 peer 0x560c6fd343e0 message 303
1688735462.527966 open write file 2 -
1688735462.527969 sending message 305 to peer 0x560c6fd343e0 (8 bytes)
1688735462.527983 write check file 2
1688735462.528052 peer 0x560c6fd343e0 message 304
1688735462.528055 write 58 to file 2
1688735462.528057 peer 0x560c6fd343e0 message 203
1688735462.528059 file 2 58 bytes left
1688735462.528075 write check file 2
1688735462.528077 client loop exit
