1688735458.467241 client started (7248): version 3.2a, socket /tmp/tmux-1000/default, protocol 8
1688735458.467252 on Linux 5.10.102.1-microsoft-standard-WSL2 #1 SMP Wed Mar 2 00:30:59 UTC 2022
1688735458.467254 using libevent 2.1.12-stable (poll); ncurses 6.3
1688735458.467260 flags are 0x18010000
1688735458.467261 socket is /tmp/tmux-1000/default
1688735458.467265 trying connect
1688735458.467270 connect failed: Connection refused
1688735458.467272 lock file is /tmp/tmux-1000/default.lock
1688735458.467284 flock succeeded
1688735458.467286 got lock (6)
1688735458.467287 trying connect
1688735458.467289 connect failed: Connection refused
1688735458.467372 add peer 0x55a09650c100: 7 ((nil))
1688735458.467513 sending message 100 to peer 0x55a09650c100 (4 bytes)
1688735458.467516 sending message 111 to peer 0x55a09650c100 (8 bytes)
1688735458.467518 sending message 101 to peer 0x55a09650c100 (15 bytes)
1688735458.467519 sending message 109 to peer 0x55a09650c100 (4 bytes)
1688735458.467520 sending message 102 to peer 0x55a09650c100 (11 bytes)
1688735458.467522 sending message 108 to peer 0x55a09650c100 (30 bytes)
1688735458.467523 sending message 112 to peer 0x55a09650c100 (58 bytes)
1688735458.467524 sending message 112 to peer 0x55a09650c100 (5 bytes)
1688735458.467526 sending message 112 to peer 0x55a09650c100 (5 bytes)
1688735458.467527 sending message 112 to peer 0x55a09650c100 (6 bytes)
1688735458.467528 sending message 112 to peer 0x55a09650c100 (6 bytes)
1688735458.467529 sending message 112 to peer 0x55a09650c100 (11 bytes)
1688735458.467530 sending message 112 to peer 0x55a09650c100 (10 bytes)
1688735458.467531 sending message 112 to peer 0x55a09650c100 (13 bytes)
1688735458.467533 sending message 112 to peer 0x55a09650c100 (14 bytes)
1688735458.467534 sending message 112 to peer 0x55a09650c100 (19 bytes)
1688735458.467535 sending message 112 to peer 0x55a09650c100 (11 bytes)
1688735458.467536 sending message 112 to peer 0x55a09650c100 (10 bytes)
1688735458.467537 sending message 112 to peer 0x55a09650c100 (15 bytes)
1688735458.467538 sending message 112 to peer 0x55a09650c100 (21 bytes)
1688735458.467540 sending message 112 to peer 0x55a09650c100 (13 bytes)
1688735458.467541 sending message 112 to peer 0x55a09650c100 (7 bytes)
1688735458.467542 sending message 112 to peer 0x55a09650c100 (13 bytes)
1688735458.467543 sending message 112 to peer 0x55a09650c100 (7 bytes)
1688735458.467545 sending message 112 to peer 0x55a09650c100 (13 bytes)
1688735458.467546 sending message 112 to peer 0x55a09650c100 (9 bytes)
1688735458.467547 sending message 112 to peer 0x55a09650c100 (21 bytes)
1688735458.467548 sending message 112 to peer 0x55a09650c100 (13 bytes)
1688735458.467549 sending message 112 to peer 0x55a09650c100 (9 bytes)
1688735458.467550 sending message 112 to peer 0x55a09650c100 (16 bytes)
1688735458.467551 sending message 112 to peer 0x55a09650c100 (13 bytes)
1688735458.467553 sending message 112 to peer 0x55a09650c100 (9 bytes)
1688735458.467554 sending message 112 to peer 0x55a09650c100 (9 bytes)
1688735458.467555 sending message 112 to peer 0x55a09650c100 (12 bytes)
1688735458.467556 sending message 112 to peer 0x55a09650c100 (8 bytes)
1688735458.467557 sending message 112 to peer 0x55a09650c100 (8 bytes)
1688735458.467558 sending message 112 to peer 0x55a09650c100 (13 bytes)
1688735458.467559 sending message 112 to peer 0x55a09650c100 (7 bytes)
1688735458.467561 sending message 112 to peer 0x55a09650c100 (7 bytes)
1688735458.467562 sending message 112 to peer 0x55a09650c100 (9 bytes)
1688735458.467563 sending message 112 to peer 0x55a09650c100 (9 bytes)
1688735458.467564 sending message 112 to peer 0x55a09650c100 (15 bytes)
1688735458.467565 sending message 112 to peer 0x55a09650c100 (13 bytes)
1688735458.467566 sending message 112 to peer 0x55a09650c100 (12 bytes)
1688735458.467568 sending message 112 to peer 0x55a09650c100 (8 bytes)
1688735458.467569 sending message 112 to peer 0x55a09650c100 (14 bytes)
1688735458.467570 sending message 112 to peer 0x55a09650c100 (11 bytes)
1688735458.467571 sending message 112 to peer 0x55a09650c100 (9 bytes)
1688735458.467575 sending message 112 to peer 0x55a09650c100 (10 bytes)
1688735458.467577 sending message 112 to peer 0x55a09650c100 (10 bytes)
1688735458.467578 sending message 112 to peer 0x55a09650c100 (10 bytes)
1688735458.467579 sending message 112 to peer 0x55a09650c100 (10 bytes)
1688735458.467580 sending message 112 to peer 0x55a09650c100 (11 bytes)
1688735458.467581 sending message 112 to peer 0x55a09650c100 (12 bytes)
1688735458.467582 sending message 112 to peer 0x55a09650c100 (12 bytes)
1688735458.467584 sending message 112 to peer 0x55a09650c100 (12 bytes)
1688735458.467585 sending message 112 to peer 0x55a09650c100 (12 bytes)
1688735458.467586 sending message 112 to peer 0x55a09650c100 (12 bytes)
1688735458.467587 sending message 112 to peer 0x55a09650c100 (11 bytes)
1688735458.467588 sending message 112 to peer 0x55a09650c100 (11 bytes)
1688735458.467589 sending message 112 to peer 0x55a09650c100 (12 bytes)
1688735458.467590 sending message 112 to peer 0x55a09650c100 (12 bytes)
1688735458.467591 sending message 112 to peer 0x55a09650c100 (12 bytes)
1688735458.467593 sending message 112 to peer 0x55a09650c100 (12 bytes)
1688735458.467594 sending message 112 to peer 0x55a09650c100 (12 bytes)
1688735458.467595 sending message 112 to peer 0x55a09650c100 (9 bytes)
1688735458.467596 sending message 112 to peer 0x55a09650c100 (12 bytes)
1688735458.467597 sending message 112 to peer 0x55a09650c100 (13 bytes)
1688735458.467598 sending message 112 to peer 0x55a09650c100 (13 bytes)
1688735458.467599 sending message 112 to peer 0x55a09650c100 (13 bytes)
1688735458.467601 sending message 112 to peer 0x55a09650c100 (13 bytes)
1688735458.467602 sending message 112 to peer 0x55a09650c100 (13 bytes)
1688735458.467603 sending message 112 to peer 0x55a09650c100 (8 bytes)
1688735458.467604 sending message 112 to peer 0x55a09650c100 (11 bytes)
1688735458.467605 sending message 112 to peer 0x55a09650c100 (11 bytes)
1688735458.467606 sending message 112 to peer 0x55a09650c100 (11 bytes)
1688735458.467607 sending message 112 to peer 0x55a09650c100 (12 bytes)
1688735458.467608 sending message 112 to peer 0x55a09650c100 (12 bytes)
1688735458.467610 sending message 112 to peer 0x55a09650c100 (12 bytes)
1688735458.467611 sending message 112 to peer 0x55a09650c100 (12 bytes)
1688735458.467612 sending message 112 to peer 0x55a09650c100 (13 bytes)
1688735458.467613 sending message 112 to peer 0x55a09650c100 (13 bytes)
1688735458.467614 sending message 112 to peer 0x55a09650c100 (13 bytes)
1688735458.467615 sending message 112 to peer 0x55a09650c100 (8 bytes)
1688735458.467617 sending message 112 to peer 0x55a09650c100 (13 bytes)
1688735458.467618 sending message 112 to peer 0x55a09650c100 (13 bytes)
1688735458.467619 sending message 112 to peer 0x55a09650c100 (13 bytes)
1688735458.467620 sending message 112 to peer 0x55a09650c100 (13 bytes)
1688735458.467621 sending message 112 to peer 0x55a09650c100 (13 bytes)
1688735458.467622 sending message 112 to peer 0x55a09650c100 (12 bytes)
1688735458.467623 sending message 112 to peer 0x55a09650c100 (12 bytes)
1688735458.467624 sending message 112 to peer 0x55a09650c100 (12 bytes)
1688735458.467625 sending message 112 to peer 0x55a09650c100 (12 bytes)
1688735458.467627 sending message 112 to peer 0x55a09650c100 (13 bytes)
1688735458.467628 sending message 112 to peer 0x55a09650c100 (8 bytes)
1688735458.467629 sending message 112 to peer 0x55a09650c100 (13 bytes)
1688735458.467630 sending message 112 to peer 0x55a09650c100 (13 bytes)
1688735458.467631 sending message 112 to peer 0x55a09650c100 (13 bytes)
1688735458.467632 sending message 112 to peer 0x55a09650c100 (13 bytes)
1688735458.467633 sending message 112 to peer 0x55a09650c100 (13 bytes)
1688735458.467634 sending message 112 to peer 0x55a09650c100 (13 bytes)
1688735458.467635 sending message 112 to peer 0x55a09650c100 (13 bytes)
1688735458.467636 sending message 112 to peer 0x55a09650c100 (12 bytes)
1688735458.467638 sending message 112 to peer 0x55a09650c100 (12 bytes)
1688735458.467639 sending message 112 to peer 0x55a09650c100 (12 bytes)
1688735458.467641 sending message 112 to peer 0x55a09650c100 (8 bytes)
1688735458.467642 sending message 112 to peer 0x55a09650c100 (12 bytes)
1688735458.467644 sending message 112 to peer 0x55a09650c100 (13 bytes)
1688735458.467645 sending message 112 to peer 0x55a09650c100 (13 bytes)
1688735458.467646 sending message 112 to peer 0x55a09650c100 (13 bytes)
1688735458.467647 sending message 112 to peer 0x55a09650c100 (13 bytes)
1688735458.467648 sending message 112 to peer 0x55a09650c100 (13 bytes)
1688735458.467649 sending message 112 to peer 0x55a09650c100 (13 bytes)
1688735458.467650 sending message 112 to peer 0x55a09650c100 (13 bytes)
1688735458.467651 sending message 112 to peer 0x55a09650c100 (13 bytes)
1688735458.467652 sending message 112 to peer 0x55a09650c100 (12 bytes)
1688735458.467654 sending message 112 to peer 0x55a09650c100 (10 bytes)
1688735458.467655 sending message 112 to peer 0x55a09650c100 (12 bytes)
1688735458.467656 sending message 112 to peer 0x55a09650c100 (12 bytes)
1688735458.467657 sending message 112 to peer 0x55a09650c100 (12 bytes)
1688735458.467658 sending message 112 to peer 0x55a09650c100 (13 bytes)
1688735458.467659 sending message 112 to peer 0x55a09650c100 (13 bytes)
1688735458.467660 sending message 112 to peer 0x55a09650c100 (13 bytes)
1688735458.467661 sending message 112 to peer 0x55a09650c100 (13 bytes)
1688735458.467662 sending message 112 to peer 0x55a09650c100 (13 bytes)
1688735458.467664 sending message 112 to peer 0x55a09650c100 (13 bytes)
1688735458.467665 sending message 112 to peer 0x55a09650c100 (13 bytes)
1688735458.467666 sending message 112 to peer 0x55a09650c100 (10 bytes)
1688735458.467667 sending message 112 to peer 0x55a09650c100 (13 bytes)
1688735458.467668 sending message 112 to peer 0x55a09650c100 (12 bytes)
1688735458.467669 sending message 112 to peer 0x55a09650c100 (12 bytes)
1688735458.467670 sending message 112 to peer 0x55a09650c100 (12 bytes)
1688735458.467671 sending message 112 to peer 0x55a09650c100 (10 bytes)
1688735458.467672 sending message 112 to peer 0x55a09650c100 (10 bytes)
1688735458.467674 sending message 112 to peer 0x55a09650c100 (10 bytes)
1688735458.467675 sending message 112 to peer 0x55a09650c100 (12 bytes)
1688735458.467676 sending message 112 to peer 0x55a09650c100 (13 bytes)
1688735458.467677 sending message 112 to peer 0x55a09650c100 (13 bytes)
1688735458.467678 sending message 112 to peer 0x55a09650c100 (13 bytes)
1688735458.467679 sending message 112 to peer 0x55a09650c100 (13 bytes)
1688735458.467680 sending message 112 to peer 0x55a09650c100 (13 bytes)
1688735458.467682 sending message 112 to peer 0x55a09650c100 (10 bytes)
1688735458.467683 sending message 112 to peer 0x55a09650c100 (11 bytes)
1688735458.467684 sending message 112 to peer 0x55a09650c100 (12 bytes)
1688735458.467685 sending message 112 to peer 0x55a09650c100 (12 bytes)
1688735458.467686 sending message 112 to peer 0x55a09650c100 (12 bytes)
1688735458.467687 sending message 112 to peer 0x55a09650c100 (12 bytes)
1688735458.467688 sending message 112 to peer 0x55a09650c100 (12 bytes)
1688735458.467689 sending message 112 to peer 0x55a09650c100 (11 bytes)
1688735458.467690 sending message 112 to peer 0x55a09650c100 (12 bytes)
1688735458.467692 sending message 112 to peer 0x55a09650c100 (12 bytes)
1688735458.467693 sending message 112 to peer 0x55a09650c100 (13 bytes)
1688735458.467694 sending message 112 to peer 0x55a09650c100 (13 bytes)
1688735458.467695 sending message 112 to peer 0x55a09650c100 (13 bytes)
1688735458.467696 sending message 112 to peer 0x55a09650c100 (13 bytes)
1688735458.467697 sending message 112 to peer 0x55a09650c100 (13 bytes)
1688735458.467698 sending message 112 to peer 0x55a09650c100 (10 bytes)
1688735458.467699 sending message 112 to peer 0x55a09650c100 (9 bytes)
1688735458.467701 sending message 112 to peer 0x55a09650c100 (12 bytes)
1688735458.467702 sending message 112 to peer 0x55a09650c100 (13 bytes)
1688735458.467703 sending message 112 to peer 0x55a09650c100 (13 bytes)
1688735458.467704 sending message 112 to peer 0x55a09650c100 (13 bytes)
1688735458.467706 sending message 112 to peer 0x55a09650c100 (13 bytes)
1688735458.467707 sending message 112 to peer 0x55a09650c100 (13 bytes)
1688735458.467708 sending message 112 to peer 0x55a09650c100 (9 bytes)
1688735458.467710 sending message 112 to peer 0x55a09650c100 (12 bytes)
1688735458.467711 sending message 112 to peer 0x55a09650c100 (13 bytes)
1688735458.467712 sending message 112 to peer 0x55a09650c100 (13 bytes)
1688735458.467713 sending message 112 to peer 0x55a09650c100 (13 bytes)
1688735458.467714 sending message 112 to peer 0x55a09650c100 (13 bytes)
1688735458.467715 sending message 112 to peer 0x55a09650c100 (13 bytes)
1688735458.467716 sending message 112 to peer 0x55a09650c100 (11 bytes)
1688735458.467718 sending message 112 to peer 0x55a09650c100 (12 bytes)
1688735458.467719 sending message 112 to peer 0x55a09650c100 (13 bytes)
1688735458.467720 sending message 112 to peer 0x55a09650c100 (13 bytes)
1688735458.467725 sending message 112 to peer 0x55a09650c100 (13 bytes)
1688735458.467727 sending message 112 to peer 0x55a09650c100 (13 bytes)
1688735458.467729 sending message 112 to peer 0x55a09650c100 (13 bytes)
1688735458.467730 sending message 112 to peer 0x55a09650c100 (11 bytes)
1688735458.467731 sending message 112 to peer 0x55a09650c100 (12 bytes)
1688735458.467732 sending message 112 to peer 0x55a09650c100 (12 bytes)
1688735458.467733 sending message 112 to peer 0x55a09650c100 (12 bytes)
1688735458.467734 sending message 112 to peer 0x55a09650c100 (12 bytes)
1688735458.467736 sending message 112 to peer 0x55a09650c100 (12 bytes)
1688735458.467737 sending message 112 to peer 0x55a09650c100 (21 bytes)
1688735458.467738 sending message 112 to peer 0x55a09650c100 (12 bytes)
1688735458.467739 sending message 112 to peer 0x55a09650c100 (9 bytes)
1688735458.467740 sending message 112 to peer 0x55a09650c100 (6 bytes)
1688735458.467741 sending message 112 to peer 0x55a09650c100 (13 bytes)
1688735458.467742 sending message 112 to peer 0x55a09650c100 (10 bytes)
1688735458.467744 sending message 112 to peer 0x55a09650c100 (24 bytes)
1688735458.467745 sending message 112 to peer 0x55a09650c100 (13 bytes)
1688735458.467746 sending message 112 to peer 0x55a09650c100 (9 bytes)
1688735458.467747 sending message 112 to peer 0x55a09650c100 (70 bytes)
1688735458.467748 sending message 112 to peer 0x55a09650c100 (69 bytes)
1688735458.467750 sending message 112 to peer 0x55a09650c100 (12 bytes)
1688735458.467751 sending message 112 to peer 0x55a09650c100 (10 bytes)
1688735458.467752 sending message 112 to peer 0x55a09650c100 (10 bytes)
1688735458.467753 sending message 112 to peer 0x55a09650c100 (24 bytes)
1688735458.467755 sending message 112 to peer 0x55a09650c100 (13 bytes)
1688735458.467756 sending message 112 to peer 0x55a09650c100 (10 bytes)
1688735458.467757 sending message 112 to peer 0x55a09650c100 (10 bytes)
1688735458.467758 sending message 112 to peer 0x55a09650c100 (10 bytes)
1688735458.467759 sending message 112 to peer 0x55a09650c100 (13 bytes)
1688735458.467760 sending message 112 to peer 0x55a09650c100 (15 bytes)
1688735458.467761 sending message 112 to peer 0x55a09650c100 (5 bytes)
1688735458.467763 sending message 104 to peer 0x55a09650c100 (0 bytes)
1688735458.467764 sending message 110 to peer 0x55a09650c100 (0 bytes)
1688735458.467765 sending message 107 to peer 0x55a09650c100 (4 bytes)
1688735458.467767 sending message 105 to peer 0x55a09650c100 (16 bytes)
1688735458.467768 sending message 105 to peer 0x55a09650c100 (14 bytes)
1688735458.467769 sending message 105 to peer 0x55a09650c100 (29 bytes)
1688735458.467770 sending message 105 to peer 0x55a09650c100 (48 bytes)
1688735458.467771 sending message 105 to peer 0x55a09650c100 (12 bytes)
1688735458.467773 sending message 105 to peer 0x55a09650c100 (34 bytes)
1688735458.467774 sending message 105 to peer 0x55a09650c100 (16 bytes)
1688735458.467775 sending message 105 to peer 0x55a09650c100 (19 bytes)
1688735458.467776 sending message 105 to peer 0x55a09650c100 (13 bytes)
1688735458.467777 sending message 105 to peer 0x55a09650c100 (34 bytes)
1688735458.467780 sending message 105 to peer 0x55a09650c100 (1519 bytes)
1688735458.467782 sending message 105 to peer 0x55a09650c100 (37 bytes)
1688735458.467783 sending message 105 to peer 0x55a09650c100 (26 bytes)
1688735458.467784 sending message 105 to peer 0x55a09650c100 (28 bytes)
1688735458.467785 sending message 105 to peer 0x55a09650c100 (34 bytes)
1688735458.467786 sending message 105 to peer 0x55a09650c100 (20 bytes)
1688735458.467788 sending message 105 to peer 0x55a09650c100 (32 bytes)
1688735458.467789 sending message 105 to peer 0x55a09650c100 (13 bytes)
1688735458.467790 sending message 105 to peer 0x55a09650c100 (11 bytes)
1688735458.467791 sending message 105 to peer 0x55a09650c100 (8 bytes)
1688735458.467792 sending message 105 to peer 0x55a09650c100 (39 bytes)
1688735458.467793 sending message 105 to peer 0x55a09650c100 (38 bytes)
1688735458.467794 sending message 105 to peer 0x55a09650c100 (33 bytes)
1688735458.467795 sending message 105 to peer 0x55a09650c100 (65 bytes)
1688735458.467797 sending message 105 to peer 0x55a09650c100 (2023 bytes)
1688735458.467798 sending message 105 to peer 0x55a09650c100 (16 bytes)
1688735458.467799 sending message 105 to peer 0x55a09650c100 (29 bytes)
1688735458.467800 sending message 105 to peer 0x55a09650c100 (35 bytes)
1688735458.467802 sending message 105 to peer 0x55a09650c100 (53 bytes)
1688735458.467803 sending message 105 to peer 0x55a09650c100 (21 bytes)
1688735458.467804 sending message 105 to peer 0x55a09650c100 (16 bytes)
1688735458.467805 sending message 106 to peer 0x55a09650c100 (0 bytes)
1688735458.467808 sending message 200 to peer 0x55a09650c100 (4 bytes)
1688735458.467810 client loop enter
1688735458.467826 client_signal: Child exited
1688735458.515736 peer 0x55a09650c100 message 207
1688735458.515744 sending message 208 to peer 0x55a09650c100 (0 bytes)
1688735493.958870 peer 0x55a09650c100 message 203
1688735493.958878 sending message 205 to peer 0x55a09650c100 (0 bytes)
1688735493.959038 peer 0x55a09650c100 message 204
1688735493.959041 client loop exit
